Arguments: 
  C:\Program Files\nodejs\node.exe C:\Users\HP\AppData\Roaming\npm\node_modules\yarn\bin\yarn.js add express

PATH: 
  C:\Windows\system32;C:\Windows;C:\Windows\System32\Wbem;C:\Windows\System32\WindowsPowerShell\v1.0\;C:\Program Files\Git\cmd;C:\Program Files\nodejs\;C:\Users\HP\AppData\Local\Programs\Microsoft VS Code\bin;C:\Users\HP\AppData\Roaming\npm;C:\Program Files\heroku\bin

Yarn version: 
  1.19.1

Node version: 
  13.0.1

Platform: 
  win32 x64

Trace: 
  Error: ENOENT: no such file or directory, copyfile 'C:\Users\HP\AppData\Local\Yarn\Cache\v6\npm-array-includes-3.0.3-184b48f62d92d7452bb31b323165c7f8bd02266d-integrity\node_modules\array-includes\.editorconfig' -> 'C:\Users\HP\Desktop\budget-app\node_modules\array-includes\.editorconfig'

npm manifest: 
  {
    "name": "expensify",
    "version": "1.0.0",
    "main": "index.js",
    "license": "MIT",
    "scripts": {
      "build:dev": "webpack ",
      "build:prod": "webpack -p --env production",
      "server": "webpack-dev-server",
      "test": "jest --config=jest.config.json",
      "start": "node server/server.js",
      "heroku-postbuild": "yarn run build:prod"
    },
    "dependencies": {
      "babel-cli": "^6.26.0",
      "babel-core": "^6.25.0",
      "babel-loader": "^7.1.1",
      "babel-plugin-transform-class-properties": "^6.24.1",
      "babel-plugin-transform-object-rest-spread": "^6.26.0",
      "babel-preset-env": "^1.7.0",
      "babel-preset-react": "^6.24.1",
      "css-loader": "^0.28.4",
      "enzyme": "^3.10.0",
      "enzyme-adapter-react-16": "^1.15.1",
      "enzyme-to-json": "^3.4.3",
      "express": "^4.17.1",
      "extract-text-webpack-plugin": "^3.0.2",
      "jest": "^20.0.4",
      "live-server": "^1.2.1",
      "moment": "^2.24.0",
      "node-sass": "^4.13.0",
      "normalize.css": "^7.0.0",
      "raf": "^3.4.1",
      "react": "^16.11.0",
      "react-addons-shallow-compare": "^15.6.2",
      "react-dates": "^21.3.2",
      "react-dom": "^16.11.0",
      "react-modal": "^3.11.1",
      "react-redux": "^7.1.1",
      "react-router-dom": "^5.1.2",
      "redux": "^4.0.4",
      "sass-loader": "^6.0.6",
      "style-loader": "^0.18.2",
      "uuid": "^3.3.3",
      "validator": "^11.1.0",
      "webpack": "^3.1.0",
      "webpack-cli": "^3.3.9",
      "webpack-dev-server": "^2.5.1"
    }
  }

yarn manifest: 
  No manifest

Lockfile: 
  No lockfile
